c:\users\pc\desktop\wordcounter\wordcounter\debug\vc143.pdb
c:\users\pc\desktop\wordcounter\wordcounter\debug\.netframework,version=v4.7.2.assemblyattributes.obj
c:\users\pc\desktop\wordcounter\wordcounter\debug\myform.obj
c:\users\pc\desktop\wordcounter\debug\wordcounter.exe
c:\users\pc\desktop\wordcounter\wordcounter\debug\wordcounter.vcxproj.assemblyreference.cache
c:\users\pc\desktop\wordcounter\wordcounter\debug\wordcounter.vcxproj.generateresource.cache
c:\users\pc\desktop\wordcounter\wordcounter\debug\wordcounter.vcxproj.suggestedbindingredirects.cache
c:\users\pc\desktop\wordcounter\wordcounter\debug\wordcounter.myform.resources
c:\users\pc\desktop\wordcounter\wordcounter\debug\wordcounter.tlog\cl.command.1.tlog
c:\users\pc\desktop\wordcounter\wordcounter\debug\wordcounter.tlog\cl.read.1.tlog
c:\users\pc\desktop\wordcounter\wordcounter\debug\wordcounter.tlog\cl.write.1.tlog
c:\users\pc\desktop\wordcounter\wordcounter\debug\wordcounter.tlog\link.15728.read.1.tlog
c:\users\pc\desktop\wordcounter\wordcounter\debug\wordcounter.tlog\link.15728.write.1.tlog
c:\users\pc\desktop\wordcounter\wordcounter\debug\wordcounter.tlog\link.15972.read.1.tlog
c:\users\pc\desktop\wordcounter\wordcounter\debug\wordcounter.tlog\link.15972.write.1.tlog
c:\users\pc\desktop\wordcounter\wordcounter\debug\wordcounter.tlog\link.17432.read.1.tlog
c:\users\pc\desktop\wordcounter\wordcounter\debug\wordcounter.tlog\link.17432.write.1.tlog
c:\users\pc\desktop\wordcounter\wordcounter\debug\wordcounter.tlog\link.command.1.tlog
c:\users\pc\desktop\wordcounter\wordcounter\debug\wordcounter.tlog\link.read.1.tlog
c:\users\pc\desktop\wordcounter\wordcounter\debug\wordcounter.tlog\link.write.1.tlog
c:\users\pc\desktop\wordcounter\wordcounter\debug\wordcounter.tlog\metagen.read.1.tlog
c:\users\pc\desktop\wordcounter\wordcounter\debug\wordcounter.tlog\metagen.write.1.tlog
c:\users\pc\desktop\wordcounter\wordcounter\debug\wordcounter.tlog\resgen.command.1.tlog
c:\users\pc\desktop\wordcounter\wordcounter\debug\wordcounter.tlog\resgen.read.1.tlog
c:\users\pc\desktop\wordcounter\wordcounter\debug\wordcounter.tlog\resgen.write.1.tlog
